<?xml version="1.0" encoding="UTF-8"?>
<!-- Generated by org.testng.reporters.JUnitReportReporter -->
<testsuite hostname="LAPTOP-S8JC2CIC" failures="0" tests="1" name="te" time="10.862" errors="0" timestamp="2022-10-14T23:12:49 ART" skipped="0">
  <testcase classname="te" name="test" time="10.862"/>
  <system-out/>
</testsuite> <!-- te -->
