<?xml version="1.0" encoding="UTF-8"?>
<!-- Generated by org.testng.reporters.JUnitReportReporter -->
<testsuite hostname="LAPTOP-S8JC2CIC" failures="0" tests="2" name="com.mystore.testcases.HomePageTest" time="35.332" errors="0" timestamp="2022-10-16T11:00:38 ART" skipped="0">
  <testcase classname="com.mystore.testcases.HomePageTest" name="wishListTest" time="17.878"/>
  <system-out/>
  <testcase classname="com.mystore.testcases.HomePageTest" name="orderHistoryandDetailTest" time="17.454"/>
  <system-out/>
</testsuite> <!-- com.mystore.testcases.HomePageTest -->
