<?xml version="1.0" encoding="UTF-8"?>
<!-- Generated by org.testng.reporters.JUnitReportReporter -->
<testsuite hostname="LAPTOP-S8JC2CIC" failures="0" tests="1" name="com.mystore.testcases.EndToEndTest" time="51.407" errors="0" timestamp="2022-10-15T19:43:08 ART" skipped="0">
  <testcase classname="com.mystore.testcases.EndToEndTest" name="endToEndTest" time="51.407"/>
  <system-out/>
</testsuite> <!-- com.mystore.testcases.EndToEndTest -->
