<?xml version="1.0" encoding="UTF-8"?>
<!-- Generated by org.testng.reporters.JUnitReportReporter -->
<testsuite hostname="LAPTOP-S8JC2CIC" failures="0" tests="2" name="com.mystore.testcases.HomePageTest" time="37.618" errors="0" timestamp="2022-10-15T19:43:08 ART" skipped="0">
  <testcase classname="com.mystore.testcases.HomePageTest" name="wishListTest" time="21.387"/>
  <system-out/>
  <testcase classname="com.mystore.testcases.HomePageTest" name="orderHistoryandDetailTest" time="16.231"/>
  <system-out/>
</testsuite> <!-- com.mystore.testcases.HomePageTest -->
