<?xml version="1.0" encoding="UTF-8"?>
<!-- Generated by org.testng.reporters.JUnitReportReporter -->
<testsuite hostname="LAPTOP-S8JC2CIC" failures="0" tests="1" name="com.mystore.testcases.SearchResultPageTest" time="18.678" errors="0" timestamp="2022-10-16T11:00:38 ART" skipped="0">
  <testcase classname="com.mystore.testcases.SearchResultPageTest" name="productAvailabilityTest" time="18.678"/>
  <system-out/>
</testsuite> <!-- com.mystore.testcases.SearchResultPageTest -->
