<?xml version="1.0" encoding="UTF-8"?>
<!-- Generated by org.testng.reporters.JUnitReportReporter -->
<testsuite hostname="LAPTOP-S8JC2CIC" failures="0" tests="2" name="com.mystore.testcases.AddToCartPageTest" time="47.688" errors="0" timestamp="2022-10-16T11:00:38 ART" skipped="0">
  <testcase classname="com.mystore.testcases.AddToCartPageTest" name="productAvialabilitytest" time="19.354"/>
  <system-out/>
  <testcase classname="com.mystore.testcases.AddToCartPageTest" name="addToCartTest" time="28.334"/>
  <system-out/>
</testsuite> <!-- com.mystore.testcases.AddToCartPageTest -->
