<?xml version="1.0" encoding="UTF-8"?>
<!-- Generated by org.testng.reporters.JUnitReportReporter -->
<testsuite hostname="LAPTOP-S8JC2CIC" failures="0" tests="2" name="com.mystore.testcases.IndexPageTest" time="13.988" errors="0" timestamp="2022-10-15T19:43:08 ART" skipped="0">
  <testcase classname="com.mystore.testcases.IndexPageTest" name="verifyLogo" time="7.414"/>
  <system-out/>
  <testcase classname="com.mystore.testcases.IndexPageTest" name="verifyTitle" time="6.574"/>
  <system-out/>
</testsuite> <!-- com.mystore.testcases.IndexPageTest -->
