<?xml version="1.0" encoding="UTF-8"?>
<!-- Generated by org.testng.reporters.JUnitReportReporter -->
<testsuite hostname="LAPTOP-S8JC2CIC" failures="0" tests="1" name="com.mystore.testcases.LoginPageTest" time="30.601" errors="0" timestamp="2022-10-16T11:00:38 ART" skipped="0">
  <testcase classname="com.mystore.testcases.LoginPageTest" name="loginTest" time="30.601"/>
  <system-out/>
</testsuite> <!-- com.mystore.testcases.LoginPageTest -->
